C:\USERS\MATTHEW\DOCUMENTS\MY DROPBOX\CODE\COBRA\VISUALCOBRA\VISUALCOBRA\DEBUG\VISUAL COBRA EXPRESS.EXE
C:\USERS\MATTHEW\DOCUMENTS\MY DROPBOX\CODE\COBRA\VISUALCOBRA\VISUALCOBRA\DEBUG\VISUAL COBRA EXPRESS.ILK
C:\USERS\MATTHEW\DOCUMENTS\MY DROPBOX\CODE\COBRA\VISUALCOBRA\VISUALCOBRA\DEBUG\VISUAL COBRA EXPRESS.PDB
C:\Users\matthew\Documents\My Dropbox\Code\cobra\visualcobra\VisualCobra\Visual Cobra Express\Visual Cobra Express\Debug\cl.command.1.tlog
C:\Users\matthew\Documents\My Dropbox\Code\cobra\visualcobra\VisualCobra\Visual Cobra Express\Visual Cobra Express\Debug\CL.read.1.tlog
C:\Users\matthew\Documents\My Dropbox\Code\cobra\visualcobra\VisualCobra\Visual Cobra Express\Visual Cobra Express\Debug\CL.write.1.tlog
C:\Users\matthew\Documents\My Dropbox\Code\cobra\visualcobra\VisualCobra\Visual Cobra Express\Visual Cobra Express\Debug\link.command.1.tlog
C:\Users\matthew\Documents\My Dropbox\Code\cobra\visualcobra\VisualCobra\Visual Cobra Express\Visual Cobra Express\Debug\link.read.1.tlog
C:\Users\matthew\Documents\My Dropbox\Code\cobra\visualcobra\VisualCobra\Visual Cobra Express\Visual Cobra Express\Debug\link.write.1.tlog
C:\Users\matthew\Documents\My Dropbox\Code\cobra\visualcobra\VisualCobra\Visual Cobra Express\Visual Cobra Express\Debug\link-cvtres.read.1.tlog
C:\Users\matthew\Documents\My Dropbox\Code\cobra\visualcobra\VisualCobra\Visual Cobra Express\Visual Cobra Express\Debug\link-cvtres.write.1.tlog
C:\Users\matthew\Documents\My Dropbox\Code\cobra\visualcobra\VisualCobra\Visual Cobra Express\Visual Cobra Express\Debug\mt.command.1.tlog
C:\Users\matthew\Documents\My Dropbox\Code\cobra\visualcobra\VisualCobra\Visual Cobra Express\Visual Cobra Express\Debug\mt.read.1.tlog
C:\Users\matthew\Documents\My Dropbox\Code\cobra\visualcobra\VisualCobra\Visual Cobra Express\Visual Cobra Express\Debug\mt.write.1.tlog
C:\Users\matthew\Documents\My Dropbox\Code\cobra\visualcobra\VisualCobra\Visual Cobra Express\Visual Cobra Express\Debug\rc.command.1.tlog
C:\Users\matthew\Documents\My Dropbox\Code\cobra\visualcobra\VisualCobra\Visual Cobra Express\Visual Cobra Express\Debug\rc.read.1.tlog
C:\Users\matthew\Documents\My Dropbox\Code\cobra\visualcobra\VisualCobra\Visual Cobra Express\Visual Cobra Express\Debug\rc.write.1.tlog
C:\USERS\MATTHEW\DOCUMENTS\MY DROPBOX\CODE\COBRA\VISUALCOBRA\VISUALCOBRA\VISUAL COBRA EXPRESS\VISUAL COBRA EXPRESS\DEBUG\STDAFX.OBJ
C:\Users\matthew\Documents\My Dropbox\Code\cobra\visualcobra\VisualCobra\Visual Cobra Express\Visual Cobra Express\Debug\vc100.idb
C:\USERS\MATTHEW\DOCUMENTS\MY DROPBOX\CODE\COBRA\VISUALCOBRA\VISUALCOBRA\VISUAL COBRA EXPRESS\VISUAL COBRA EXPRESS\DEBUG\VC100.PDB
C:\USERS\MATTHEW\DOCUMENTS\MY DROPBOX\CODE\COBRA\VISUALCOBRA\VISUALCOBRA\VISUAL COBRA EXPRESS\VISUAL COBRA EXPRESS\DEBUG\VISUAL COBRA EXPRESS.EXE.EMBED.MANIFEST
C:\USERS\MATTHEW\DOCUMENTS\MY DROPBOX\CODE\COBRA\VISUALCOBRA\VISUALCOBRA\VISUAL COBRA EXPRESS\VISUAL COBRA EXPRESS\DEBUG\VISUAL COBRA EXPRESS.EXE.EMBED.MANIFEST.RES
C:\USERS\MATTHEW\DOCUMENTS\MY DROPBOX\CODE\COBRA\VISUALCOBRA\VISUALCOBRA\VISUAL COBRA EXPRESS\VISUAL COBRA EXPRESS\DEBUG\VISUAL COBRA EXPRESS.EXE.INTERMEDIATE.MANIFEST
C:\USERS\MATTHEW\DOCUMENTS\MY DROPBOX\CODE\COBRA\VISUALCOBRA\VISUALCOBRA\VISUAL COBRA EXPRESS\VISUAL COBRA EXPRESS\DEBUG\VISUAL COBRA EXPRESS.OBJ
C:\USERS\MATTHEW\DOCUMENTS\MY DROPBOX\CODE\COBRA\VISUALCOBRA\VISUALCOBRA\VISUAL COBRA EXPRESS\VISUAL COBRA EXPRESS\DEBUG\VISUAL COBRA EXPRESS.PCH
C:\USERS\MATTHEW\DOCUMENTS\MY DROPBOX\CODE\COBRA\VISUALCOBRA\VISUALCOBRA\VISUAL COBRA EXPRESS\VISUAL COBRA EXPRESS\DEBUG\VISUAL COBRA EXPRESS.RES
C:\Users\matthew\Documents\My Dropbox\Code\cobra\visualcobra\VisualCobra\Visual Cobra Express\Visual Cobra Express\Debug\Visual Cobra Express_manifest.rc
