Build started 30/12/2010 21:37:59.
     1>Project "C:\Users\matthew\Documents\My Dropbox\Code\cobra\visualcobra\VisualCobra\Visual Cobra Express\Visual Cobra Express\Visual Cobra Express.vcxproj" on node 2 (build target(s)).
     1>InitializeBuildStatus:
         Creating "Debug\Visual Cobra Express.unsuccessfulbuild" because "AlwaysCreate" was specified.
       ClCompile:
         All outputs are up-to-date.
         All outputs are up-to-date.
       CreateMenuPkgDef:
       Skipping target "CreateMenuPkgDef" because it has no outputs.
       ResourceCompile:
         All outputs are up-to-date.
       ManifestResourceCompile:
         All outputs are up-to-date.
       Link:
         All outputs are up-to-date.
       Manifest:
         All outputs are up-to-date.
         All outputs are up-to-date.
       IsolatedShellFiles:
         Copying file from "Visual Cobra Express.exe.config" to "C:\Users\matthew\Documents\My Dropbox\Code\cobra\visualcobra\VisualCobra\Debug\\Visual Cobra Express.exe.config".
         Copying file from "Visual Cobra Express.winprf" to "C:\Users\matthew\Documents\My Dropbox\Code\cobra\visualcobra\VisualCobra\Debug\\Visual Cobra Express.winprf".
         Copying file from "Visual Cobra Express.pkgundef" to "C:\Users\matthew\Documents\My Dropbox\Code\cobra\visualcobra\VisualCobra\Debug\\Visual Cobra Express.pkgundef".
         Copying file from "Visual Cobra Express.pkgdef" to "C:\Users\matthew\Documents\My Dropbox\Code\cobra\visualcobra\VisualCobra\Debug\\Visual Cobra Express.pkgdef".
         Copying file from "ApplicationIcon.ico" to "C:\Users\matthew\Documents\My Dropbox\Code\cobra\visualcobra\VisualCobra\Debug\\ApplicationIcon.ico".
         Copying file from "Splash.bmp" to "C:\Users\matthew\Documents\My Dropbox\Code\cobra\visualcobra\VisualCobra\Debug\\Splash.bmp".
         Copying file from "DebuggerProxy.dll" to "C:\Users\matthew\Documents\My Dropbox\Code\cobra\visualcobra\VisualCobra\Debug\\DebuggerProxy.dll".
         Copying file from "DebuggerProxy.dll.manifest" to "C:\Users\matthew\Documents\My Dropbox\Code\cobra\visualcobra\VisualCobra\Debug\\DebuggerProxy.dll.manifest".
         Copying file from "General.vssettings" to "C:\Users\matthew\Documents\My Dropbox\Code\cobra\visualcobra\VisualCobra\Debug\\Profiles\General.vssettings".
         Copying file from "Visual Cobra Express.Application.pkgdef" to "C:\Users\matthew\Documents\My Dropbox\Code\cobra\visualcobra\VisualCobra\Debug\\Extensions\Application\Visual Cobra Express.Application.pkgdef".
       FinalizeBuildStatus:
         Deleting file "Debug\Visual Cobra Express.unsuccessfulbuild".
         Touching "Debug\Visual Cobra Express.lastbuildstate".
     1>Done Building Project "C:\Users\matthew\Documents\My Dropbox\Code\cobra\visualcobra\VisualCobra\Visual Cobra Express\Visual Cobra Express\Visual Cobra Express.vcxproj" (build target(s)).

Build succeeded.

Time Elapsed 00:00:00.70
