C:\USERS\MATTHEW\DOCUMENTS\MY DROPBOX\CODE\COBRA\VISUALCOBRA\VISUALCOBRA\DEBUG\1033\VISUAL COBRA EXPRESSUI.DLL
C:\USERS\MATTHEW\DOCUMENTS\MY DROPBOX\CODE\COBRA\VISUALCOBRA\VISUALCOBRA\DEBUG\1033\VISUAL COBRA EXPRESSUI.ILK
C:\USERS\MATTHEW\DOCUMENTS\MY DROPBOX\CODE\COBRA\VISUALCOBRA\VISUALCOBRA\DEBUG\1033\VISUAL COBRA EXPRESSUI.PDB
C:\USERS\MATTHEW\DOCUMENTS\MY DROPBOX\CODE\COBRA\VISUALCOBRA\VISUALCOBRA\VISUAL COBRA EXPRESS\VISUAL COBRA EXPRESSUI\DEBUG\APPLICATIONCOMMANDS.CTO
C:\Users\matthew\Documents\My Dropbox\Code\cobra\visualcobra\VisualCobra\Visual Cobra Express\Visual Cobra ExpressUI\Debug\link.command.1.tlog
C:\Users\matthew\Documents\My Dropbox\Code\cobra\visualcobra\VisualCobra\Visual Cobra Express\Visual Cobra ExpressUI\Debug\link.read.1.tlog
C:\Users\matthew\Documents\My Dropbox\Code\cobra\visualcobra\VisualCobra\Visual Cobra Express\Visual Cobra ExpressUI\Debug\link.write.1.tlog
C:\Users\matthew\Documents\My Dropbox\Code\cobra\visualcobra\VisualCobra\Visual Cobra Express\Visual Cobra ExpressUI\Debug\link-cvtres.read.1.tlog
C:\Users\matthew\Documents\My Dropbox\Code\cobra\visualcobra\VisualCobra\Visual Cobra Express\Visual Cobra ExpressUI\Debug\link-cvtres.write.1.tlog
C:\Users\matthew\Documents\My Dropbox\Code\cobra\visualcobra\VisualCobra\Visual Cobra Express\Visual Cobra ExpressUI\Debug\mt.command.1.tlog
C:\Users\matthew\Documents\My Dropbox\Code\cobra\visualcobra\VisualCobra\Visual Cobra Express\Visual Cobra ExpressUI\Debug\mt.read.1.tlog
C:\Users\matthew\Documents\My Dropbox\Code\cobra\visualcobra\VisualCobra\Visual Cobra Express\Visual Cobra ExpressUI\Debug\mt.write.1.tlog
C:\Users\matthew\Documents\My Dropbox\Code\cobra\visualcobra\VisualCobra\Visual Cobra Express\Visual Cobra ExpressUI\Debug\rc.command.1.tlog
C:\Users\matthew\Documents\My Dropbox\Code\cobra\visualcobra\VisualCobra\Visual Cobra Express\Visual Cobra ExpressUI\Debug\rc.read.1.tlog
C:\Users\matthew\Documents\My Dropbox\Code\cobra\visualcobra\VisualCobra\Visual Cobra Express\Visual Cobra ExpressUI\Debug\rc.write.1.tlog
C:\USERS\MATTHEW\DOCUMENTS\MY DROPBOX\CODE\COBRA\VISUALCOBRA\VISUALCOBRA\VISUAL COBRA EXPRESS\VISUAL COBRA EXPRESSUI\DEBUG\VISUAL COBRA EXPRESSUI.DLL.EMBED.MANIFEST
C:\USERS\MATTHEW\DOCUMENTS\MY DROPBOX\CODE\COBRA\VISUALCOBRA\VISUALCOBRA\VISUAL COBRA EXPRESS\VISUAL COBRA EXPRESSUI\DEBUG\VISUAL COBRA EXPRESSUI.DLL.EMBED.MANIFEST.RES
C:\USERS\MATTHEW\DOCUMENTS\MY DROPBOX\CODE\COBRA\VISUALCOBRA\VISUALCOBRA\VISUAL COBRA EXPRESS\VISUAL COBRA EXPRESSUI\DEBUG\VISUAL COBRA EXPRESSUI.DLL.INTERMEDIATE.MANIFEST
C:\USERS\MATTHEW\DOCUMENTS\MY DROPBOX\CODE\COBRA\VISUALCOBRA\VISUALCOBRA\VISUAL COBRA EXPRESS\VISUAL COBRA EXPRESSUI\DEBUG\VISUAL COBRA EXPRESSUI.RES
C:\Users\matthew\Documents\My Dropbox\Code\cobra\visualcobra\VisualCobra\Visual Cobra Express\Visual Cobra ExpressUI\Debug\Visual Cobra ExpressUI_manifest.rc
C:\Users\matthew\Documents\My Dropbox\Code\cobra\visualcobra\VisualCobra\Visual Cobra Express\Visual Cobra ExpressUI\Debug\VSCT.read.1.tlog
C:\Users\matthew\Documents\My Dropbox\Code\cobra\visualcobra\VisualCobra\Visual Cobra Express\Visual Cobra ExpressUI\Debug\VSCT.write.1.tlog
