Build started 08/03/2011 21:17:16.
     1>Project "C:\Users\matthew\Documents\My Dropbox\Code\cobra\visualcobra\VisualCobra\Visual Cobra Express\Visual Cobra ExpressUI\Visual Cobra ExpressUI.vcxproj" on node 2 (build target(s)).
     1>InitializeBuildStatus:
         Creating "Release\Visual Cobra ExpressUI.unsuccessfulbuild" because "AlwaysCreate" was specified.
       VSCTCompile:
         Target out of date: C:\USERS\MATTHEW\DOCUMENTS\MY DROPBOX\CODE\COBRA\VISUALCOBRA\VISUALCOBRA\VISUAL COBRA EXPRESS\VISUAL COBRA EXPRESSUI\APPLICATIONCOMMANDS.VSCT is more recent, rebuiding...
         
         VSCT: errors   = 0
         VSCT: warnings = 0
       ResourceCompile:
         C:\Program Files (x86)\Microsoft SDKs\Windows\v7.0A\bin\rc.exe /D UNICODE /D _UNICODE /D _X86_=1 /D i386=1 /D WIN32 /D WINNT=1 /D NDEBUG /D _NEW_SDK=1 /D _UNICODE /D UNICODE /l"0x0409" /IRelease\ /nologo /fo"Release\Visual Cobra ExpressUI.res" -r  "Visual Cobra ExpressUI.rc" 
       Link:
         C:\Program Files (x86)\Microsoft Visual Studio 10.0\VC\bin\link.exe /ERRORREPORT:PROMPT /OUT:"C:\Users\matthew\Documents\My Dropbox\Code\cobra\visualcobra\VisualCobra\Release\1033\Visual Cobra ExpressUI.dll" /INCREMENTAL:NO /NOLOGO kernel32.lib user32.lib gdi32.lib winspool.lib comdlg32.lib advapi32.lib shell32.lib ole32.lib oleaut32.lib uuid.lib odbc32.lib odbccp32.lib /MANIFEST /ManifestFile:"Release\Visual Cobra ExpressUI.dll.intermediate.manifest" /MANIFESTUAC:"level='asInvoker' uiAccess='false'" /DEBUG /PDB:"C:\Users\matthew\Documents\My Dropbox\Code\cobra\visualcobra\VisualCobra\Release\1033\Visual Cobra ExpressUI.pdb" /SUBSYSTEM:WINDOWS /OPT:REF /OPT:ICF /LTCG /TLBID:1 /NOENTRY /DYNAMICBASE:NO /IMPLIB:"C:\Users\matthew\Documents\My Dropbox\Code\cobra\visualcobra\VisualCobra\Release\1033\Visual Cobra ExpressUI.lib" /MACHINE:X86 /DLL "Release\Visual Cobra ExpressUI.res"
         LINK : /LTCG specified but no code generation required; remove /LTCG from the link command line to improve linker performance
         Visual Cobra ExpressUI.vcxproj -> C:\Users\matthew\Documents\My Dropbox\Code\cobra\visualcobra\VisualCobra\Release\1033\Visual Cobra ExpressUI.dll
       Manifest:
         C:\Program Files (x86)\Microsoft SDKs\Windows\v7.0A\bin\mt.exe /nologo /verbose /outputresource:"C:\Users\matthew\Documents\My Dropbox\Code\cobra\visualcobra\VisualCobra\Release\1033\Visual Cobra ExpressUI.dll;#2" /manifest "Release\Visual Cobra ExpressUI.dll.intermediate.manifest"
       FinalizeBuildStatus:
         Deleting file "Release\Visual Cobra ExpressUI.unsuccessfulbuild".
         Touching "Release\Visual Cobra ExpressUI.lastbuildstate".
     1>Done Building Project "C:\Users\matthew\Documents\My Dropbox\Code\cobra\visualcobra\VisualCobra\Visual Cobra Express\Visual Cobra ExpressUI\Visual Cobra ExpressUI.vcxproj" (build target(s)).

Build succeeded.

Time Elapsed 00:00:16.75
